<?xml version="1.0" encoding="UTF-8"?>
<!-- Generated by org.testng.reporters.JUnitReportReporter -->
<testsuite skipped="0" hostname="Dhruvs-Air" name="W_tests.W_ProductBuyFlowTest" tests="1" failures="0" timestamp="05 Aug 2020 21:24:40 GMT" time="59.455" errors="0">
  <testcase name="checkoutAsGuestTest" time="59.455" classname="W_tests.W_ProductBuyFlowTest"/>
</testsuite> <!-- W_tests.W_ProductBuyFlowTest -->
