<?xml version="1.0" encoding="UTF-8"?>
<!-- Generated by org.testng.reporters.JUnitReportReporter -->
<testsuite skipped="0" hostname="Dhruvs-Air" name="W_tests.W_SearchSortFilterTest" tests="3" failures="0" timestamp="10 Aug 2020 02:21:13 GMT" time="131.184" errors="0">
  <testcase name="verifySearch_Filter_Sort_Test" time="46.267" classname="W_tests.W_SearchSortFilterTest"/>
  <testcase name="verifyCategory_Filter_Sort_Test" time="47.906" classname="W_tests.W_SearchSortFilterTest"/>
  <testcase name="verifyCountsTest" time="37.011" classname="W_tests.W_SearchSortFilterTest"/>
</testsuite> <!-- W_tests.W_SearchSortFilterTest -->
