<?xml version="1.0" encoding="UTF-8"?>
<!-- Generated by org.testng.reporters.JUnitReportReporter -->
<testsuite skipped="0" hostname="Dhruvs-Air" name="W_tests.W_MyAccountSettingsTest" tests="1" failures="0" timestamp="05 Aug 2020 22:20:57 GMT" time="23.799" errors="0">
  <testcase name="accountSignInTest" time="23.799" classname="W_tests.W_MyAccountSettingsTest"/>
</testsuite> <!-- W_tests.W_MyAccountSettingsTest -->
