<?xml version="1.0" encoding="UTF-8"?>
<!-- Generated by org.testng.reporters.JUnitReportReporter -->
<testsuite skipped="0" hostname="Dhruvs-Air" name="W_tests.W_MyAccountSettingsTest" tests="1" failures="0" timestamp="10 Aug 2020 02:23:59 GMT" time="24.396" errors="0">
  <testcase name="accountSignInTest" time="24.396" classname="W_tests.W_MyAccountSettingsTest"/>
</testsuite> <!-- W_tests.W_MyAccountSettingsTest -->
