<?xml version="1.0" encoding="UTF-8"?>
<!-- Generated by org.testng.reporters.JUnitReportReporter -->
<testsuite skipped="0" hostname="Dhruvs-Air" name="W_tests.W_HomePageTest" tests="1" failures="0" timestamp="03 Aug 2020 12:56:13 GMT" time="13.159" errors="0">
  <testcase name="verifyLogoTest" time="13.159" classname="W_tests.W_HomePageTest"/>
</testsuite> <!-- W_tests.W_HomePageTest -->
