<?xml version="1.0" encoding="UTF-8"?>
<!-- Generated by org.testng.reporters.JUnitReportReporter -->
<testsuite skipped="0" hostname="Dhruvs-Air" name="W_tests.W_RegistrationTest" tests="1" failures="0" timestamp="06 Aug 2020 05:02:08 GMT" time="54.306" errors="0">
  <testcase name="verifyRegistrationInvalidPassTest" time="54.306" classname="W_tests.W_RegistrationTest"/>
</testsuite> <!-- W_tests.W_RegistrationTest -->
