<?xml version="1.0" encoding="UTF-8"?>
<!-- Generated by org.testng.reporters.JUnitReportReporter -->
<testsuite skipped="0" hostname="Dhruvs-Air" name="W_tests.W_RegistrationTest" tests="5" failures="0" timestamp="10 Aug 2020 00:50:32 GMT" time="271.820" errors="0">
  <testcase name="verifyRegistrationInvalidEmailTest" time="37.778" classname="W_tests.W_RegistrationTest"/>
  <testcase name="verifyRegistrationInvalidFNTest" time="68.431" classname="W_tests.W_RegistrationTest"/>
  <testcase name="verifyRegistrationInvalidLNTest" time="69.518" classname="W_tests.W_RegistrationTest"/>
  <testcase name="verifyRegistrationInvalidPassTest" time="55.904" classname="W_tests.W_RegistrationTest"/>
  <testcase name="verifyRegistrationValidTest" time="40.189" classname="W_tests.W_RegistrationTest"/>
</testsuite> <!-- W_tests.W_RegistrationTest -->
