<?xml version="1.0" encoding="UTF-8"?>
<!-- Generated by org.testng.reporters.JUnitReportReporter -->
<testsuite skipped="0" hostname="Dhruvs-Air" name="W_tests.W_HomePageTest" tests="12" failures="0" timestamp="09 Aug 2020 23:44:40 GMT" time="154.245" errors="0">
  <testcase name="verifyBannerPhotoCenterTest" time="14.511" classname="W_tests.W_HomePageTest"/>
  <testcase name="verifyLogoTest" time="13.720" classname="W_tests.W_HomePageTest"/>
  <testcase name="verifyHeaderBack2SchoolTest" time="12.467" classname="W_tests.W_HomePageTest"/>
  <testcase name="verifyHeaderOutdoorLivingTest" time="14.153" classname="W_tests.W_HomePageTest"/>
  <testcase name="verifyHeaderClothingTest" time="13.689" classname="W_tests.W_HomePageTest"/>
  <testcase name="verifyBannerMarketplaceTest" time="12.195" classname="W_tests.W_HomePageTest"/>
  <testcase name="verifyBannerCreditcardTest" time="11.096" classname="W_tests.W_HomePageTest"/>
  <testcase name="verifyHeaderDealsTest" time="12.894" classname="W_tests.W_HomePageTest"/>
  <testcase name="verifyHeaderToysTest" time="14.182" classname="W_tests.W_HomePageTest"/>
  <testcase name="verifyBannerCovid19Test" time="12.207" classname="W_tests.W_HomePageTest"/>
  <testcase name="verifyBannerShippingTest" time="10.843" classname="W_tests.W_HomePageTest"/>
  <testcase name="verifyHeaderElectronicsTest" time="12.288" classname="W_tests.W_HomePageTest"/>
</testsuite> <!-- W_tests.W_HomePageTest -->
