<?xml version="1.0" encoding="UTF-8"?>
<!-- Generated by org.testng.reporters.JUnitReportReporter -->
<testsuite skipped="0" hostname="Dhruvs-Air" name="W_tests.W_ProductBuyFlowTest" tests="4" failures="0" timestamp="10 Aug 2020 00:21:25 GMT" time="229.931" errors="0">
  <testcase name="checkoutAsGuestTest" time="63.067" classname="W_tests.W_ProductBuyFlowTest"/>
  <testcase name="clickingProductFromCartTest" time="53.328" classname="W_tests.W_ProductBuyFlowTest"/>
  <testcase name="emoveProductFromCartTest" time="58.840" classname="W_tests.W_ProductBuyFlowTest"/>
  <testcase name="decreaseQuantityFromCartTest" time="54.696" classname="W_tests.W_ProductBuyFlowTest"/>
</testsuite> <!-- W_tests.W_ProductBuyFlowTest -->
