<?xml version="1.0" encoding="UTF-8"?>
<!-- Generated by org.testng.reporters.JUnitReportReporter -->
<testsuite skipped="0" hostname="Dhruvs-Air" name="W_tests.W_SearchSortFilterTest" tests="1" failures="0" timestamp="04 Aug 2020 16:15:07 GMT" time="36.929" errors="0">
  <testcase name="verifyCategory_Filter_Sort_Test" time="36.929" classname="W_tests.W_SearchSortFilterTest"/>
</testsuite> <!-- W_tests.W_SearchSortFilterTest -->
